Removed Pin From Net: NetName=12V0 Pin=C3-1
Removed Pin From Net: NetName=12V0 Pin=C6-2
Removed Pin From Net: NetName=12V0 Pin=U2-1
Change Component Comment : Designator=PTC1 Old Comment=0.9 Amp POLYFUSE New Comment=4 Amp POLYFUSE
Change Component Comment : Designator=PTC2 Old Comment=0.9 Amp POLYFUSE New Comment=4 Amp POLYFUSE
Change Component Designator: OldDesignator=*1 NewDesignator=U12
Change Component Designator: OldDesignator=J3 NewDesignator=J5
Change Component Designator: OldDesignator=U12 NewDesignator=U13
Added Component: Designator=J3(3 POS MINI-FIT JR)
Added Component: Designator=J4(2 pos Mini-Fit Jr. R/A Header)
Added Component: Designator=P7(HDR1X6)
Added Pin To Net: NetName=NetBRD1_21 Pin=BRD3-19
Added Pin To Net: NetName=12V0 Pin=J3-1
Added Pin To Net: NetName=GND Pin=J3-3
Added Pin To Net: NetName=BAT Pin=J4-2
Added Pin To Net: NetName=NetBRD1_35 Pin=P7-1
Added Pin To Net: NetName=XOUT Pin=P7-2
Added Pin To Net: NetName=NetBRD1_11 Pin=P7-3
Added Pin To Net: NetName=NetBRD1_8 Pin=P7-4
Added Pin To Net: NetName=YOUT Pin=P7-5
Added Pin To Net: NetName=NetBRD1_32 Pin=P7-6
Change Net Name : Old Net Name=Net*1_7 New Net Name=NetC19_1
Change Net Name : Old Net Name=Net*1_8 New Net Name=NetC15_2
Change Net Name : Old Net Name=Net*1_9 New Net Name=NetC15_1
Change Net Name : Old Net Name=Net*1_13 New Net Name=NetJP1_2
Change Net Name : Old Net Name=Net*1_19 New Net Name=NetR14_1
Change Net Name : Old Net Name=Net*1_20 New Net Name=NetR15_1
Change Net Name : Old Net Name=Net*1_21 New Net Name=NetBRD1_26
Change Net Name : Old Net Name=Net*1_22 New Net Name=NetR13_1
Change Net Name : Old Net Name=Net*1_23 New Net Name=NetR11_1
Change Net Name : Old Net Name=Net*1_24 New Net Name=NetBRD1_25
Added Pin To Net: NetName=12VSWITCHED Pin=C3-1
Added Pin To Net: NetName=12VSWITCHED Pin=C6-2
Added Pin To Net: NetName=12VSWITCHED Pin=J3-2
Added Pin To Net: NetName=12VSWITCHED Pin=J4-1
Added Pin To Net: NetName=12VSWITCHED Pin=U2-1
Added Net: Name=12VSWITCHED
Added Pin To Net: NetName=NetBRD2_11 Pin=BRD2-11
Added Pin To Net: NetName=NetBRD2_11 Pin=BRD3-11
Added Pin To Net: NetName=NetBRD2_11 Pin=R19-1
Added Pin To Net: NetName=NetBRD2_11 Pin=U11-2
Added Net: Name=NetBRD2_11
Added Pin To Net: NetName=NetBRD2_15 Pin=BRD2-15
Added Pin To Net: NetName=NetBRD2_15 Pin=BRD3-15
Added Pin To Net: NetName=NetBRD2_15 Pin=BRD4-4
Added Net: Name=NetBRD2_15
Added Pin To Net: NetName=NetBRD2_17 Pin=BRD2-17
Added Pin To Net: NetName=NetBRD2_17 Pin=BRD3-17
Added Pin To Net: NetName=NetBRD2_17 Pin=BRD4-9
Added Net: Name=NetBRD2_17
Added Pin To Net: NetName=NetU11_3 Pin=U11-3
Added Net: Name=NetU11_3
Added Member To Class: ClassName=TeensyCrashDAQ Member=Component J4 39-30-1020
Added Member To Class: ClassName=TeensyCrashDAQ Member=Component J5 39-30-1020
Added Member To Class: ClassName=CrashDAQSensors Member=Component P7 Header 6
Added Room: Name=CrashDAQSensors
Added Room: Name=TeensyCrashDAQ
