Added Component: Designator=BRD2(Xbee)
Added Component: Designator=BRD3(Xbee)
Added Pin To Net: NetName=3V3 Pin=BRD2-1
Added Pin To Net: NetName=NetBRD1_6 Pin=BRD2-2
Added Pin To Net: NetName=NetBRD1_5 Pin=BRD2-3
Added Pin To Net: NetName=NetBRD2_5 Pin=BRD2-5
Added Pin To Net: NetName=NetBRD2_9 Pin=BRD2-9
Added Pin To Net: NetName=GND Pin=BRD2-10
Added Pin To Net: NetName=NetBRD2_11 Pin=BRD2-11
Added Pin To Net: NetName=NetBRD2_15 Pin=BRD2-15
Added Pin To Net: NetName=NetBRD2_16 Pin=BRD2-16
Added Pin To Net: NetName=NetBRD2_17 Pin=BRD2-17
Added Pin To Net: NetName=NetBRD1_21 Pin=BRD2-19
Added Pin To Net: NetName=NetBRD2_20 Pin=BRD2-20
Added Pin To Net: NetName=3V3 Pin=BRD3-1
Added Pin To Net: NetName=NetBRD1_4 Pin=BRD3-2
Added Pin To Net: NetName=NetBRD1_3 Pin=BRD3-3
Added Pin To Net: NetName=NetBRD2_5 Pin=BRD3-5
Added Pin To Net: NetName=NetBRD3_9 Pin=BRD3-9
Added Pin To Net: NetName=GND Pin=BRD3-10
Added Pin To Net: NetName=NetBRD2_11 Pin=BRD3-11
Added Pin To Net: NetName=NetBRD2_15 Pin=BRD3-15
Added Pin To Net: NetName=NetBRD3_16 Pin=BRD3-16
Added Pin To Net: NetName=NetBRD2_17 Pin=BRD3-17
Added Pin To Net: NetName=NetBRD3_18 Pin=BRD3-18
Added Pin To Net: NetName=NetBRD1_21 Pin=BRD3-19
Added Member To Class: ClassName=TeensyCrashDAQ Member=Component BRD2 Xbee 2.4 GHz
Added Member To Class: ClassName=TeensyCrashDAQ Member=Component BRD3 Xbee 900 MHz
Added Member To Class: ClassName=TeensyCrashDAQ Member=Component J3 3 Pos Mini-Fit Jr.
