Change Component Parameter Description in C10 Old=CAP CER 0.1UF 50V 10% X7R 0603 New=
Change Component Parameter Footprint in C10 Old=RAD-0.2 New=0603
Change Component Parameter Description in C11 Old=CAP CER 0.1UF 50V 10% X7R 0603 New=
Change Component Parameter Footprint in C11 Old=RAD-0.2 New=0603
Change Component Parameter Description in C12 Old=CAP CER 0.1UF 50V 10% X7R 0603 New=
Change Component Parameter Footprint in C12 Old=RAD-0.2 New=0603
Change Component Parameter Description in C13 Old=CAP CER 0.1UF 50V 10% X7R 0603 New=
Change Component Parameter Footprint in C13 Old=RAD-0.2 New=0603
Change Component Parameter Description in C14 Old=CAP CER 0.1UF 50V 10% X7R 0603 New=
Change Component Parameter Footprint in C14 Old=RAD-0.2 New=0603
Change Component Parameter Description in C15 Old=CAP CER 0.1UF 50V 10% X7R 0603 New=
Change Component Parameter Footprint in C15 Old=RAD-0.2 New=0603
Change Component Parameter Description in C17 Old=CAP CER 0.1UF 50V 10% X7R 0603 New=
Change Component Parameter Footprint in C17 Old=RAD-0.2 New=0603
Change Component Parameter Description in C18 Old=CAP CER 0.1UF 50V 10% X7R 0603 New=
Change Component Parameter Footprint in C18 Old=RAD-0.2 New=0603
Change Component Parameter Description in C19 Old=CAP CER 0.1UF 50V 10% X7R 0603 New=
Change Component Parameter Footprint in C19 Old=RAD-0.2 New=0603
Change Component Parameter Description in C20 Old=CAP CER 0.1UF 50V 10% X7R 0603 New=
Change Component Parameter Footprint in C20 Old=RAD-0.2 New=0603
Change Component Parameter Description in C21 Old=CAP CER 0.1UF 50V 10% X7R 0603 New=
Change Component Parameter Footprint in C21 Old=RAD-0.2 New=0603
Change Component Parameter Description in C22 Old=CAP CER 0.1UF 50V 10% X7R 0603 New=
Change Component Parameter Footprint in C22 Old=RAD-0.2 New=0603
Change Component Parameter Description in C23 Old=CAP CER 0.1UF 50V 10% X7R 0603 New=
Change Component Parameter Footprint in C23 Old=RAD-0.2 New=0603
Change Component Parameter Description in C24 Old=CAP CER 0.1UF 50V 10% X7R 0603 New=
Change Component Parameter Footprint in C24 Old=RAD-0.2 New=0603
Change Component Parameter Description in C27 Old=CAP CER 0.1UF 50V 10% X7R 0603 New=
Change Component Parameter Footprint in C27 Old=RAD-0.2 New=0603
Change Component Parameter Description in C28 Old=CAP CER 0.1UF 50V 10% X7R 0603 New=
Change Component Parameter Footprint in C28 Old=RAD-0.2 New=0603
Change Component Parameter Description in C29 Old=CAP CER 0.1UF 50V 10% X7R 0603 New=
Change Component Parameter Footprint in C29 Old=RAD-0.2 New=0603
Change Component Parameter Description in C30 Old=CAP CER 0.1UF 50V 10% X7R 0603 New=
Change Component Parameter Footprint in C30 Old=RAD-0.2 New=0603
Change Component Parameter Description in NTC1 Old=CURRENT LIMITER INRUSH 10OHM 20% New=
Change Component Parameter Footprint in NTC1 Old=NTC 7.5mm New=0603
Change Component Parameter Description in R11 Old=RES SMD 4.7K OHM 1% 1/8W 0805 New=
Change Component Parameter Footprint in R11 Old=Axial-0.4 New=0603
Change Component Parameter Description in R12 Old=RES SMD 4.7K OHM 1% 1/8W 0805 New=
Change Component Parameter Footprint in R12 Old=Axial-0.4 New=0603
Change Component Parameter Description in R13 Old=RES SMD 4.7K OHM 1% 1/8W 0805 New=
Change Component Parameter Footprint in R13 Old=Axial-0.4 New=0603
Change Component Parameter Description in R14 Old=RES SMD 4.7K OHM 1% 1/8W 0805 New=
Change Component Parameter Footprint in R14 Old=Axial-0.4 New=0603
Change Component Parameter Description in R15 Old=RES SMD 4.7K OHM 1% 1/8W 0805 New=
Change Component Parameter Footprint in R15 Old=Axial-0.4 New=0603
Change Component Parameter Description in R16 Old=RES SMD 4.7K OHM 1% 1/8W 0805 New=
Change Component Parameter Footprint in R16 Old=Axial-0.4 New=0603
Change Component Parameter Description in R17 Old=RES SMD 4.7K OHM 1% 1/8W 0805 New=
Change Component Parameter Footprint in R17 Old=Axial-0.4 New=0603
Change Component Parameter Description in R18 Old=RES SMD 4.7K OHM 1% 1/8W 0805 New=
Change Component Parameter Footprint in R18 Old=Axial-0.4 New=0603
Change Component Parameter Description in R19 Old=RES SMD 4.7K OHM 1% 1/8W 0805 New=
Change Component Parameter Footprint in R19 Old=Axial-0.4 New=0603
Change Component Parameter Description in R20 Old=RES SMD 4.7K OHM 1% 1/8W 0805 New=
Change Component Parameter Footprint in R20 Old=Axial-0.4 New=0603
Change Component Parameter Description in R21 Old=RES SMD 4.7K OHM 1% 1/8W 0805 New=
Change Component Parameter Footprint in R21 Old=Axial-0.4 New=0603
Change Component Parameter Description in R22 Old=RES SMD 4.7K OHM 1% 1/8W 0805 New=
Change Component Parameter Footprint in R22 Old=Axial-0.4 New=0603
Change Component Parameter Description in R23 Old=RES SMD 4.7K OHM 1% 1/8W 0805 New=
Change Component Parameter Footprint in R23 Old=Axial-0.4 New=0603
Change Component Parameter Description in R24 Old=RES SMD 4.7K OHM 1% 1/8W 0805 New=
Change Component Parameter Footprint in R24 Old=Axial-0.4 New=0603
Change Component Parameter Description in R25 Old=RES SMD 4.7K OHM 1% 1/8W 0805 New=
Change Component Parameter Footprint in R25 Old=Axial-0.4 New=0603
Change Component Parameter Footprint in Z2 Old=DIODE-0.4 New=SMA
