Removed Pin From Net: NetName=NetBRD1_8 Pin=BRD2-4
Removed Pin From Net: NetName=NetBRD1_13 Pin=BRD2-5
Removed Pin From Net: NetName=NetBRD1_12 Pin=BRD2-6
Removed Pin From Net: NetName=GND Pin=BRD2-7
Removed Pin From Net: NetName=5V0 Pin=BRD2-8
Removed Pin From Net: NetName=NetBRD1_11 Pin=BRD2-9
Removed Pin From Net: NetName=5V0 Pin=BRD3-1
Removed Pin From Net: NetName=GND Pin=BRD3-3
Removed Pin From Net: NetName=NetBRD1_7 Pin=BRD3-9
Removed Pin From Net: NetName=GND Pin=BRD4-1
Removed Pin From Net: NetName=3V3 Pin=BRD4-2
Removed Pin From Net: NetName=NetBRD1_4 Pin=BRD5-1
Removed Pin From Net: NetName=NetBRD1_3 Pin=BRD5-2
Removed Pin From Net: NetName=3V3 Pin=BRD5-5
Removed Pin From Net: NetName=GND Pin=BRD5-7
Removed Pin From Net: NetName=GND Pin=BRD6-1
Removed Pin From Net: NetName=NetBRD1_6 Pin=BRD6-2
Removed Pin From Net: NetName=NetBRD1_5 Pin=BRD6-7
Removed Pin From Net: NetName=3V3 Pin=BRD6-8
Removed Pin From Net: NetName=GND Pin=C1-1
Removed Pin From Net: NetName=GND Pin=C4-1
Removed Pin From Net: NetName=12V0 Pin=C4-2
Removed Pin From Net: NetName=3V3 Pin=C6-1
Removed Pin From Net: NetName=GND Pin=C6-2
Removed Pin From Net: NetName=GND Pin=C7-1
Removed Pin From Net: NetName=3V3 Pin=C7-2
Removed Pin From Net: NetName=12V0 Pin=D1-1
Removed Pin From Net: NetName=NetD1_2 Pin=D1-2
Removed Pin From Net: NetName=5V0 Pin=D2-1
Removed Pin From Net: NetName=12V0 Pin=D3-2
Removed Pin From Net: NetName=GND Pin=L1-1
Removed Pin From Net: NetName=NetBRD1_32 Pin=L1-2
Removed Pin From Net: NetName=GND Pin=P1-1
Removed Pin From Net: NetName=NetBRD1_13 Pin=P1-2
Removed Pin From Net: NetName=NetBRD1_12 Pin=P1-3
Removed Pin From Net: NetName=NetBRD1_11 Pin=P1-4
Removed Pin From Net: NetName=NetBRD1_10 Pin=P1-5
Removed Pin From Net: NetName=NetBRD1_9 Pin=P1-6
Removed Pin From Net: NetName=NetBRD1_8 Pin=P1-7
Removed Pin From Net: NetName=NetBRD1_7 Pin=P1-8
Removed Pin From Net: NetName=NetBRD1_6 Pin=P1-9
Removed Pin From Net: NetName=NetBRD1_5 Pin=P1-10
Removed Pin From Net: NetName=NetBRD1_4 Pin=P1-11
Removed Pin From Net: NetName=NetBRD1_3 Pin=P1-12
Removed Pin From Net: NetName=NetBRD1_2 Pin=P1-13
Removed Pin From Net: NetName=NetBRD1_1 Pin=P1-14
Removed Pin From Net: NetName=3V3 Pin=P1-16
Removed Pin From Net: NetName=GND Pin=P1-17
Removed Pin From Net: NetName=NetBRD1_18 Pin=P1-18
Removed Pin From Net: NetName=NetBRD1_34 Pin=P2-1
Removed Pin From Net: NetName=NetBRD1_32 Pin=P2-3
Removed Pin From Net: NetName=3V3 Pin=P2-4
Removed Pin From Net: NetName=NetBRD1_30 Pin=P2-5
Removed Pin From Net: NetName=NetBRD1_29 Pin=P2-6
Removed Pin From Net: NetName=NetBRD1_28 Pin=P2-7
Removed Pin From Net: NetName=NetBRD1_27 Pin=P2-8
Removed Pin From Net: NetName=NetBRD1_24 Pin=P2-11
Removed Pin From Net: NetName=NetBRD1_23 Pin=P2-12
Removed Pin From Net: NetName=NetBRD1_22 Pin=P2-13
Removed Pin From Net: NetName=NetBRD1_21 Pin=P2-14
Removed Pin From Net: NetName=NetBRD1_20 Pin=P2-15
Removed Pin From Net: NetName=NetBRD1_35 Pin=P2-16
Removed Pin From Net: NetName=NetBRD1_19 Pin=P2-19
Removed Pin From Net: NetName=NetBRD1_2 Pin=P3-1
Removed Pin From Net: NetName=NetBRD1_22 Pin=P4-1
Removed Pin From Net: NetName=NetBRD1_28 Pin=P5-1
Removed Pin From Net: NetName=5V0 Pin=P5-2
Removed Pin From Net: NetName=GND Pin=P5-3
Removed Pin From Net: NetName=3V3 Pin=P6-1
Removed Pin From Net: NetName=GND Pin=P6-2
Removed Pin From Net: NetName=NetBRD1_3 Pin=P6-3
Removed Pin From Net: NetName=5V0 Pin=P7-1
Removed Pin From Net: NetName=GND Pin=P7-2
Removed Pin From Net: NetName=NetBRD1_3 Pin=P7-3
Removed Pin From Net: NetName=NetBRD1_1 Pin=P8-1
Removed Pin From Net: NetName=5V0 Pin=P8-2
Removed Pin From Net: NetName=GND Pin=P8-3
Removed Pin From Net: NetName=NetBRD1_23 Pin=P9-1
Removed Pin From Net: NetName=5V0 Pin=P9-2
Removed Pin From Net: NetName=GND Pin=P9-3
Removed Pin From Net: NetName=NetBRD1_27 Pin=P10-1
Removed Pin From Net: NetName=5V0 Pin=P10-2
Removed Pin From Net: NetName=GND Pin=P10-3
Removed Pin From Net: NetName=RAW Pin=PTC1-1
Removed Pin From Net: NetName=GND Pin=Q1-1
Removed Pin From Net: NetName=12V0 Pin=Q1-3
Removed Pin From Net: NetName=NetBRD1_29 Pin=R2-2
Removed Pin From Net: NetName=CAN1H Pin=R4-1
Removed Pin From Net: NetName=CAN1L Pin=R4-2
Removed Pin From Net: NetName=NetD1_2 Pin=R8-1
Removed Pin From Net: NetName=GND Pin=R8-2
Removed Pin From Net: NetName=GND Pin=R9-2
Removed Pin From Net: NetName=NetBRD1_29 Pin=U1-8
Removed Pin From Net: NetName=5V0 Pin=U3-1
Removed Pin From Net: NetName=GND Pin=U3-2
Removed Pin From Net: NetName=3V3 Pin=U3-3
Removed Pin From Net: NetName=GND Pin=Z1-1
Removed Member From Class: ClassName=Teensy Troller Member=BRD4
Removed Member From Class: ClassName=Teensy Troller Member=BRD5
Removed Member From Class: ClassName=Teensy Troller Member=BRD6
Removed Member From Class: ClassName=Teensy Troller Member=D3
Removed Member From Class: ClassName=Teensy Troller Member=P7
Removed Member From Class: ClassName=Teensy Troller Member=P8
Removed Member From Class: ClassName=Teensy Troller Member=P9
Removed Member From Class: ClassName=Teensy Troller Member=P10
Removed Member From Class: ClassName=Teensy Troller Member=Q1
Change Component DesignItemId : Designator=U3 Old DesignItemId=7805 New DesignItemId=NCV8403ASTT1G
Change Component DesignItemId : Designator=BRD3 Old DesignItemId=BNO055 Board New DesignItemId=Xbee
Change Component DesignItemId : Designator=C7 Old DesignItemId=Cap New DesignItemId=SMD Elec
Change Component DesignItemId : Designator=BRD2 Old DesignItemId=GPS - Adafruit New DesignItemId=Xbee
Change Component DesignItemId : Designator=P5 Old DesignItemId=Header 3 New DesignItemId=Header 6
Change Component DesignItemId : Designator=P6 Old DesignItemId=Header 3 New DesignItemId=Header 6
Change Component DesignItemId : Designator=P1 Old DesignItemId=Header 18 New DesignItemId=Header 3
Change Component DesignItemId : Designator=P2 Old DesignItemId=Header 19 New DesignItemId=Header 3
Change Component DesignItemId : Designator=BRD4 Old DesignItemId=HMC6343 New DesignItemId=GPS - Adafruit
Change Component DesignItemId : Designator=Q1 Old DesignItemId=IRF5210 New DesignItemId=IRF9328 P-FET
Change Component DesignItemId : Designator=C6 Old DesignItemId=SMD Elec New DesignItemId=Cap
Change Component Footprint: Designator=U3 Old Footprint=78xx New Footprint=ONSC-SOT-223-4-318E-04_V
Change Component Footprint: Designator=R1 Old Footprint=Axial-0.4 New Footprint=0603
Change Component Footprint: Designator=R2 Old Footprint=Axial-0.4 New Footprint=0603
Change Component Footprint: Designator=R3 Old Footprint=Axial-0.4 New Footprint=0603
Change Component Footprint: Designator=R5 Old Footprint=Axial-0.4 New Footprint=0603
Change Component Footprint: Designator=R6 Old Footprint=Axial-0.4 New Footprint=0603
Change Component Footprint: Designator=R7 Old Footprint=Axial-0.4 New Footprint=0603
Change Component Footprint: Designator=R8 Old Footprint=Axial-0.4 New Footprint=0603
Change Component Footprint: Designator=R9 Old Footprint=Axial-0.4 New Footprint=0603
Change Component Footprint: Designator=BRD3 Old Footprint=BNO055 Board New Footprint=Xbee
Change Component Footprint: Designator=Z1 Old Footprint=DIODE-0.4 New Footprint=SMA
Change Component Footprint: Designator=D3 Old Footprint=DIODE-0.4 New Footprint=SMA with A and K
Change Component Footprint: Designator=BRD2 Old Footprint=GPS New Footprint=Xbee
Change Component Footprint: Designator=P5 Old Footprint=HDR1X3 New Footprint=HDR1X6
Change Component Footprint: Designator=P6 Old Footprint=HDR1X3 New Footprint=HDR1X6
Change Component Footprint: Designator=P1 Old Footprint=HDR1X18 New Footprint=HDR1X3
Change Component Footprint: Designator=P2 Old Footprint=HDR1X19 New Footprint=HDR1X3
Change Component Footprint: Designator=BRD4 Old Footprint=HMC6343 New Footprint=GPS
Change Component Footprint: Designator=U1 Old Footprint=PDIP300-P8 New Footprint=SOIC-8
Change Component Footprint: Designator=C7 Old Footprint=RAD-0.2 New Footprint=Elec. Cap 5 x 10mm
Change Component Footprint: Designator=Q1 Old Footprint=TO-220AB New Footprint=SOIC-8
Change Component Comment : Designator=C1 Old Comment=0.1uF New Comment=4.7uF
Change Component Comment : Designator=C7 Old Comment=0.1uF New Comment=330uF
Change Component Comment : Designator=R8 Old Comment=4.7k New Comment=30k
Change Component Comment : Designator=C6 Old Comment=330uF New Comment=0.1uF
Change Component Comment : Designator=BRD2 Old Comment=Adafruit Ultimate GPS New Comment=Xbee 2.4 GHz
Change Component Comment : Designator=BRD3 Old Comment=BNO055 IMU New Comment=Xbee 900 MHz
Change Component Comment : Designator=P1 Old Comment=DNP New Comment=Header 3
Change Component Comment : Designator=P2 Old Comment=DNP New Comment=Header 3
Change Component Comment : Designator=P3 Old Comment=DNP New Comment=Header 3
Change Component Comment : Designator=P4 Old Comment=DNP New Comment=Header 3
Change Component Comment : Designator=P5 Old Comment=DNP New Comment=Header 6
Change Component Comment : Designator=P6 Old Comment=DNP New Comment=Header 6
Change Component Comment : Designator=BRD4 Old Comment=HMC6343 Compass New Comment=Adafruit Ultimate GPS
Change Component Comment : Designator=Q1 Old Comment=IRF5210 New Comment=IRF9328
Change Component Comment : Designator=U3 Old Comment=MCP1826S New Comment=NCV8403ASTT1G
Change Component Comment : Designator=D3 Old Comment=RK 16V1 New Comment=B360A-13-F
Change Component Designator: OldDesignator=C2 NewDesignator=C3
Change Component Designator: OldDesignator=C3 NewDesignator=C4
Change Component Designator: OldDesignator=D2 NewDesignator=D1
Change Component Designator: OldDesignator=R1 NewDesignator=R3
Change Component Designator: OldDesignator=R2 NewDesignator=R1
Change Component Designator: OldDesignator=R3 NewDesignator=R4
Change Component Designator: OldDesignator=R9 NewDesignator=R2
Change Component Description : Designator=C6 Old Description=CAP ALUM 330UF 20% 50V RADIAL New Description=
Change Component Description : Designator=C1 Old Description=CAP CER 0.1UF 50V 10% X7R 0603 New Description=
Change Component Description : Designator=C5 Old Description=CAP CER 0.1UF 50V 10% X7R 0603 New Description=
Change Component Library : Designator=C6 Old Library=Capacitors.IntLib New Library=SSS Schematic Library.SchLib
Added Component: Designator=*1(LGA 4x4x1 mm 24-lead)
Added Component: Designator=Bat1(18650 Holder)
Added Component: Designator=Bat2(18650 Holder)
Added Component: Designator=Bat3(18650 Holder)
Added Component: Designator=Batt1(Coin Cell with Tabs)
Added Component: Designator=C16(Elec. Cap 5 x 10mm)
Added Component: Designator=C25(0603)
Added Component: Designator=C26(0603)
Added Component: Designator=D2(SMA with A and K)
Added Component: Designator=J3(2 pos Mini-Fit Jr. R/A Header)
Added Component: Designator=JP1(Solder Jumper)
Added Component: Designator=L2(0805)
Added Component: Designator=L3(Inductor - 1045)
Added Component: Designator=NTC1(0603)
Added Component: Designator=PTC2(PTC)
Added Component: Designator=Q2(SOIC-8)
Added Component: Designator=R9(0603)
Added Component: Designator=R10(0603)
Added Component: Designator=R11(0603)
Added Component: Designator=R12(0603)
Added Component: Designator=R13(0603)
Added Component: Designator=R14(0603)
Added Component: Designator=R15(0603)
Added Component: Designator=R16(0603)
Added Component: Designator=R17(0603)
Added Component: Designator=R18(0603)
Added Component: Designator=R19(0603)
Added Component: Designator=R20(0603)
Added Component: Designator=R21(0603)
Added Component: Designator=R22(0603)
Added Component: Designator=R23(0603)
Added Component: Designator=R24(0603)
Added Component: Designator=R25(0603)
Added Component: Designator=SD1(SD Card Holder)
Added Component: Designator=U4(ONSC-SOT-223-4-318E-04_V)
Added Component: Designator=U5(ONSC-SOT-223-4-318E-04_V)
Added Component: Designator=U6(SOT-223-DB3_M)
Added Component: Designator=U7(ADI-E-8-1_V)
Added Component: Designator=U8(ADI-CC-14-1_V)
Added Component: Designator=U9(ADI-E-8-1_V)
Added Component: Designator=U10(BNO055 LGA)
Added Component: Designator=U11(LT-GN-16_N)
Added Component: Designator=U12(ONSC-SOT-223-4-318E-04_V)
Added Component: Designator=X1(XTAL 2 pad)
Added Component: Designator=Z2(SMA)
Added Pin To Net: NetName=GND Pin=*1-2
Added Pin To Net: NetName=GND Pin=*1-3
Added Pin To Net: NetName=GND Pin=*1-4
Added Pin To Net: NetName=GND Pin=*1-5
Added Pin To Net: NetName=GND Pin=*1-6
Added Pin To Net: NetName=3V3 Pin=*1-15
Added Pin To Net: NetName=3V3 Pin=*1-16
Added Pin To Net: NetName=3V3 Pin=*1-17
Added Pin To Net: NetName=3V3 Pin=*1-18
Added Pin To Net: NetName=GND Pin=Bat3-2
Added Pin To Net: NetName=GND Pin=Batt1-2
Added Pin To Net: NetName=NetBRD1_6 Pin=BRD2-2
Added Pin To Net: NetName=NetBRD1_5 Pin=BRD2-3
Added Pin To Net: NetName=GND Pin=BRD2-10
Added Pin To Net: NetName=NetBRD1_21 Pin=BRD2-19
Added Pin To Net: NetName=3V3 Pin=BRD3-1
Added Pin To Net: NetName=NetBRD1_4 Pin=BRD3-2
Added Pin To Net: NetName=NetBRD1_3 Pin=BRD3-3
Added Pin To Net: NetName=GND Pin=BRD3-10
Added Pin To Net: NetName=NetBRD1_13 Pin=BRD4-5
Added Pin To Net: NetName=NetBRD1_12 Pin=BRD4-6
Added Pin To Net: NetName=GND Pin=BRD4-7
Added Pin To Net: NetName=5V0 Pin=BRD4-8
Added Pin To Net: NetName=NetBRD1_32 Pin=C1-1
Added Pin To Net: NetName=NetBRD1_32 Pin=C1-1
Added Pin To Net: NetName=NetBRD1_35 Pin=C1-2
Added Pin To Net: NetName=GND Pin=C6-1
Added Pin To Net: NetName=12V0 Pin=C6-2
Added Pin To Net: NetName=3V3 Pin=C7-1
Added Pin To Net: NetName=GND Pin=C7-2
Added Pin To Net: NetName=GND Pin=C16-2
Added Pin To Net: NetName=GND Pin=C25-1
Added Pin To Net: NetName=GND Pin=C26-1
Added Pin To Net: NetName=NetBRD1_24 Pin=D1-1
Added Pin To Net: NetName=NetD1_2 Pin=D1-2
Added Pin To Net: NetName=GND Pin=D3-1
Added Pin To Net: NetName=NetBRD1_19 Pin=JP1-1
Added Pin To Net: NetName=NetBRD1_35 Pin=L1-1
Added Pin To Net: NetName=3V3 Pin=L1-2
Added Pin To Net: NetName=GND Pin=L1-1
Added Pin To Net: NetName=NetBRD1_32 Pin=L1-2
Added Pin To Net: NetName=GND Pin=NTC1-1
Added Pin To Net: NetName=NetBRD1_3 Pin=P1-1
Added Pin To Net: NetName=5V0 Pin=P1-2
Added Pin To Net: NetName=GND Pin=P1-3
Added Pin To Net: NetName=NetBRD1_5 Pin=P2-1
Added Pin To Net: NetName=GND Pin=P2-3
Added Pin To Net: NetName=NetBRD1_30 Pin=P3-1
Added Pin To Net: NetName=NetBRD1_24 Pin=P4-1
Added Pin To Net: NetName=GND Pin=P5-1
Added Pin To Net: NetName=3V3 Pin=P5-3
Added Pin To Net: NetName=NetBRD1_6 Pin=P5-4
Added Pin To Net: NetName=NetBRD1_5 Pin=P5-5
Added Pin To Net: NetName=GND Pin=P6-1
Added Pin To Net: NetName=3V3 Pin=P6-3
Added Pin To Net: NetName=NetBRD1_4 Pin=P6-4
Added Pin To Net: NetName=NetBRD1_3 Pin=P6-5
Added Pin To Net: NetName=12V0 Pin=PTC1-1
Added Pin To Net: NetName=RAW Pin=PTC2-1
Added Pin To Net: NetName=12V0 Pin=Q2-1
Added Pin To Net: NetName=12V0 Pin=Q2-2
Added Pin To Net: NetName=12V0 Pin=Q2-3
Added Pin To Net: NetName=GND Pin=R2-1
Added Pin To Net: NetName=NetD1_2 Pin=R2-2
Added Pin To Net: NetName=GND Pin=R8-1
Added Pin To Net: NetName=NetBRD1_30 Pin=R8-2
Added Pin To Net: NetName=GND Pin=R9-1
Added Pin To Net: NetName=GND Pin=R10-1
Added Pin To Net: NetName=3V3 Pin=R11-2
Added Pin To Net: NetName=3V3 Pin=R13-2
Added Pin To Net: NetName=3V3 Pin=R14-2
Added Pin To Net: NetName=3V3 Pin=R15-2
Added Pin To Net: NetName=12V0 Pin=R16-2
Added Pin To Net: NetName=3V3 Pin=R17-2
Added Pin To Net: NetName=3V3 Pin=R18-2
Added Pin To Net: NetName=3V3 Pin=R19-2
Added Pin To Net: NetName=GND Pin=R20-2
Added Pin To Net: NetName=GND Pin=R21-1
Added Pin To Net: NetName=GND Pin=R22-1
Added Pin To Net: NetName=NetBRD1_22 Pin=SD1-2
Added Pin To Net: NetName=NetBRD1_2 Pin=SD1-3
Added Pin To Net: NetName=3V3 Pin=SD1-4
Added Pin To Net: NetName=NetBRD1_20 Pin=SD1-5
Added Pin To Net: NetName=GND Pin=SD1-6
Added Pin To Net: NetName=GND Pin=SD1-6
Added Pin To Net: NetName=GND Pin=SD1-6
Added Pin To Net: NetName=GND Pin=SD1-6
Added Pin To Net: NetName=NetBRD1_1 Pin=SD1-7
Added Pin To Net: NetName=NetBRD1_30 Pin=U3-1
Added Pin To Net: NetName=GND Pin=U3-3
Added Pin To Net: NetName=GND Pin=U4-3
Added Pin To Net: NetName=GND Pin=U5-3
Added Pin To Net: NetName=5V0 Pin=U6-1
Added Pin To Net: NetName=GND Pin=U6-2
Added Pin To Net: NetName=3V3 Pin=U6-3
Added Pin To Net: NetName=GND Pin=U6-4
Added Pin To Net: NetName=NetBRD1_32 Pin=U7-3
Added Pin To Net: NetName=NetBRD1_11 Pin=U7-4
Added Pin To Net: NetName=NetBRD1_35 Pin=U7-7
Added Pin To Net: NetName=NetBRD1_35 Pin=U7-8
Added Pin To Net: NetName=3V3 Pin=U8-1
Added Pin To Net: NetName=GND Pin=U8-2
Added Pin To Net: NetName=GND Pin=U8-4
Added Pin To Net: NetName=GND Pin=U8-5
Added Pin To Net: NetName=3V3 Pin=U8-6
Added Pin To Net: NetName=NetBRD1_28 Pin=U8-7
Added Pin To Net: NetName=NetBRD1_27 Pin=U8-8
Added Pin To Net: NetName=NetBRD1_23 Pin=U8-9
Added Pin To Net: NetName=NetBRD1_1 Pin=U8-12
Added Pin To Net: NetName=NetBRD1_2 Pin=U8-13
Added Pin To Net: NetName=NetBRD1_20 Pin=U8-14
Added Pin To Net: NetName=NetBRD1_32 Pin=U9-3
Added Pin To Net: NetName=NetBRD1_8 Pin=U9-4
Added Pin To Net: NetName=NetBRD1_35 Pin=U9-7
Added Pin To Net: NetName=NetBRD1_35 Pin=U9-8
Added Pin To Net: NetName=GND Pin=U10-2
Added Pin To Net: NetName=3V3 Pin=U10-3
Added Pin To Net: NetName=GND Pin=U10-10
Added Pin To Net: NetName=NetBRD1_7 Pin=U10-14
Added Pin To Net: NetName=GND Pin=U10-15
Added Pin To Net: NetName=GND Pin=U10-16
Added Pin To Net: NetName=GND Pin=U10-17
Added Pin To Net: NetName=GND Pin=U10-18
Added Pin To Net: NetName=GND Pin=U10-25
Added Pin To Net: NetName=3V3 Pin=U10-28
Added Pin To Net: NetName=GND Pin=U11-5
Added Pin To Net: NetName=NetBRD1_29 Pin=U11-8
Added Pin To Net: NetName=12V0 Pin=U11-12
Added Pin To Net: NetName=GND Pin=U11-14
Added Pin To Net: NetName=GND Pin=U12-3
Added Pin To Net: NetName=GND Pin=Z2-2
Added Pin To Net: NetName=12V0A Pin=Q1-1
Added Pin To Net: NetName=12V0A Pin=Q1-2
Added Pin To Net: NetName=12V0A Pin=Q1-3
Added Pin To Net: NetName=12V0A Pin=R12-2
Added Pin To Net: NetName=12V0A Pin=R16-1
Added Net: Name=12V0A
Added Pin To Net: NetName=12V0B Pin=D3-2
Added Pin To Net: NetName=12V0B Pin=L3-1
Added Pin To Net: NetName=12V0B Pin=Q2-5
Added Pin To Net: NetName=12V0B Pin=Q2-6
Added Pin To Net: NetName=12V0B Pin=Q2-7
Added Pin To Net: NetName=12V0B Pin=Q2-8
Added Pin To Net: NetName=12V0B Pin=U12-2
Added Pin To Net: NetName=12V0B Pin=U12-4
Added Net: Name=12V0B
Added Pin To Net: NetName=12V0C Pin=D2-2
Added Pin To Net: NetName=12V0C Pin=J3-1
Added Pin To Net: NetName=12V0C Pin=PTC1-2
Added Pin To Net: NetName=12V0C Pin=Z1-1
Added Net: Name=12V0C
Added Pin To Net: NetName=BAT2 Pin=Bat1-2
Added Pin To Net: NetName=BAT2 Pin=Bat2-1
Added Net: Name=BAT2
Added Pin To Net: NetName=BAT3 Pin=Bat2-2
Added Pin To Net: NetName=BAT3 Pin=Bat3-1
Added Net: Name=BAT3
Added Pin To Net: NetName=BAT Pin=Bat1-1
Added Pin To Net: NetName=BAT Pin=R25-2
Added Pin To Net: NetName=BAT Pin=U11-10
Added Net: Name=BAT
Added Pin To Net: NetName=Net*1_7 Pin=*1-7
Added Net: Name=Net*1_7
Added Pin To Net: NetName=Net*1_8 Pin=*1-8
Added Net: Name=Net*1_8
Added Pin To Net: NetName=Net*1_9 Pin=*1-9
Added Net: Name=Net*1_9
Added Pin To Net: NetName=Net*1_13 Pin=*1-13
Added Pin To Net: NetName=Net*1_13 Pin=JP1-2
Added Net: Name=Net*1_13
Added Pin To Net: NetName=Net*1_19 Pin=*1-19
Added Pin To Net: NetName=Net*1_19 Pin=R14-1
Added Net: Name=Net*1_19
Added Pin To Net: NetName=Net*1_20 Pin=*1-20
Added Pin To Net: NetName=Net*1_20 Pin=R15-1
Added Net: Name=Net*1_20
Added Pin To Net: NetName=Net*1_21 Pin=*1-21
Added Pin To Net: NetName=Net*1_21 Pin=BRD1-26
Added Pin To Net: NetName=Net*1_21 Pin=R5-1
Added Pin To Net: NetName=Net*1_21 Pin=U10-19
Added Net: Name=Net*1_21
Added Pin To Net: NetName=Net*1_22 Pin=*1-22
Added Pin To Net: NetName=Net*1_22 Pin=R13-1
Added Net: Name=Net*1_22
Added Pin To Net: NetName=Net*1_23 Pin=*1-23
Added Pin To Net: NetName=Net*1_23 Pin=R11-1
Added Net: Name=Net*1_23
Added Pin To Net: NetName=Net*1_24 Pin=*1-24
Added Pin To Net: NetName=Net*1_24 Pin=BRD1-25
Added Pin To Net: NetName=Net*1_24 Pin=R6-1
Added Pin To Net: NetName=Net*1_24 Pin=U10-20
Added Net: Name=Net*1_24
Added Pin To Net: NetName=NetBatt1_1 Pin=Batt1-1
Added Pin To Net: NetName=NetBatt1_1 Pin=BRD1-15
Added Pin To Net: NetName=NetBatt1_1 Pin=BRD4-3
Added Net: Name=NetBatt1_1
Added Pin To Net: NetName=NetBRD2_5 Pin=BRD2-5
Added Pin To Net: NetName=NetBRD2_5 Pin=BRD3-5
Added Pin To Net: NetName=NetBRD2_5 Pin=R7-1
Added Net: Name=NetBRD2_5
Added Pin To Net: NetName=NetBRD2_9 Pin=BRD2-9
Added Pin To Net: NetName=NetBRD2_9 Pin=P5-6
Added Net: Name=NetBRD2_9
Added Pin To Net: NetName=NetBRD2_16 Pin=BRD2-16
Added Net: Name=NetBRD2_16
Added Pin To Net: NetName=NetBRD2_20 Pin=BRD2-20
Added Pin To Net: NetName=NetBRD2_20 Pin=R10-2
Added Pin To Net: NetName=NetBRD2_20 Pin=U5-1
Added Net: Name=NetBRD2_20
Added Pin To Net: NetName=NetBRD3_9 Pin=BRD3-9
Added Pin To Net: NetName=NetBRD3_9 Pin=P6-6
Added Net: Name=NetBRD3_9
Added Pin To Net: NetName=NetBRD3_16 Pin=BRD3-16
Added Net: Name=NetBRD3_16
Added Pin To Net: NetName=NetBRD3_18 Pin=BRD3-18
Added Pin To Net: NetName=NetBRD3_18 Pin=R9-2
Added Pin To Net: NetName=NetBRD3_18 Pin=U4-1
Added Net: Name=NetBRD3_18
Added Pin To Net: NetName=NetC14_2 Pin=R12-1
Added Pin To Net: NetName=NetC14_2 Pin=U11-11
Added Net: Name=NetC14_2
Added Pin To Net: NetName=NetC17_2 Pin=U10-9
Added Net: Name=NetC17_2
Added Pin To Net: NetName=NetC21_2 Pin=R24-1
Added Pin To Net: NetName=NetC21_2 Pin=U11-6
Added Net: Name=NetC21_2
Added Pin To Net: NetName=NetC22_2 Pin=R23-2
Added Net: Name=NetC22_2
Added Pin To Net: NetName=NetC25_2 Pin=C25-2
Added Pin To Net: NetName=NetC25_2 Pin=U10-27
Added Pin To Net: NetName=NetC25_2 Pin=X1-2
Added Net: Name=NetC25_2
Added Pin To Net: NetName=NetC26_2 Pin=C26-2
Added Pin To Net: NetName=NetC26_2 Pin=U10-26
Added Pin To Net: NetName=NetC26_2 Pin=X1-1
Added Net: Name=NetC26_2
Added Pin To Net: NetName=NetL3_2 Pin=L3-2
Added Pin To Net: NetName=NetL3_2 Pin=R25-1
Added Pin To Net: NetName=NetL3_2 Pin=U11-9
Added Net: Name=NetL3_2
Added Pin To Net: NetName=NetNTC1_2 Pin=NTC1-2
Added Pin To Net: NetName=NetNTC1_2 Pin=R24-2
Added Net: Name=NetNTC1_2
Added Pin To Net: NetName=NetP5_2 Pin=P5-2
Added Net: Name=NetP5_2
Added Pin To Net: NetName=NetP6_2 Pin=P6-2
Added Net: Name=NetP6_2
Added Pin To Net: NetName=NetQ1_4 Pin=Q1-4
Added Pin To Net: NetName=NetQ1_4 Pin=U11-16
Added Net: Name=NetQ1_4
Added Pin To Net: NetName=NetQ2_4 Pin=Q2-4
Added Pin To Net: NetName=NetQ2_4 Pin=U11-13
Added Net: Name=NetQ2_4
Added Pin To Net: NetName=NetR1_2 Pin=R1-2
Added Pin To Net: NetName=NetR1_2 Pin=U1-8
Added Net: Name=NetR1_2
Added Pin To Net: NetName=NetR17_1 Pin=R17-1
Added Pin To Net: NetName=NetR17_1 Pin=U10-4
Added Net: Name=NetR17_1
Added Pin To Net: NetName=NetR18_1 Pin=R18-1
Added Pin To Net: NetName=NetR18_1 Pin=U10-11
Added Net: Name=NetR18_1
Added Pin To Net: NetName=NetR19_1 Pin=R19-1
Added Pin To Net: NetName=NetR19_1 Pin=U11-2
Added Net: Name=NetR19_1
Added Pin To Net: NetName=NetR20_1 Pin=R20-1
Added Pin To Net: NetName=NetR20_1 Pin=U11-4
Added Net: Name=NetR20_1
Added Pin To Net: NetName=NetR21_2 Pin=R21-2
Added Pin To Net: NetName=NetR21_2 Pin=U10-5
Added Net: Name=NetR21_2
Added Pin To Net: NetName=NetR22_2 Pin=R22-2
Added Pin To Net: NetName=NetR22_2 Pin=U10-6
Added Net: Name=NetR22_2
Added Pin To Net: NetName=NetR23_1 Pin=R23-1
Added Pin To Net: NetName=NetR23_1 Pin=U11-7
Added Net: Name=NetR23_1
Added Pin To Net: NetName=NetU11_15 Pin=U11-15
Added Pin To Net: NetName=NetU11_15 Pin=U12-1
Added Net: Name=NetU11_15
Added Pin To Net: NetName=RAWIN Pin=C16-1
Added Pin To Net: NetName=RAWIN Pin=PTC2-2
Added Pin To Net: NetName=RAWIN Pin=Q1-5
Added Pin To Net: NetName=RAWIN Pin=Q1-6
Added Pin To Net: NetName=RAWIN Pin=Q1-7
Added Pin To Net: NetName=RAWIN Pin=Q1-8
Added Pin To Net: NetName=RAWIN Pin=U11-1
Added Pin To Net: NetName=RAWIN Pin=Z2-1
Added Net: Name=RAWIN
Added Pin To Net: NetName=SOLENOID Pin=D2-1
Added Pin To Net: NetName=SOLENOID Pin=J3-2
Added Pin To Net: NetName=SOLENOID Pin=U3-2
Added Pin To Net: NetName=SOLENOID Pin=U3-4
Added Pin To Net: NetName=SOLENOID Pin=U4-2
Added Pin To Net: NetName=SOLENOID Pin=U4-4
Added Pin To Net: NetName=SOLENOID Pin=U5-2
Added Pin To Net: NetName=SOLENOID Pin=U5-4
Added Pin To Net: NetName=SOLENOID Pin=Z1-2
Added Net: Name=SOLENOID
Added Pin To Net: NetName=XOUT Pin=BRD1-36
Added Pin To Net: NetName=XOUT Pin=U7-6
Added Net: Name=XOUT
Added Pin To Net: NetName=YOUT Pin=BRD1-37
Added Pin To Net: NetName=YOUT Pin=U9-6
Added Net: Name=YOUT
Change Class Name : Old Net Name=Teensy Troller New Net Name=TeensyCrashDAQ
Added Class: Name=CrashDAQSensors
Added Member To Class: ClassName=TeensyCrashDAQ Member=Component Batt1 CR1225FV-LF
Added Member To Class: ClassName=TeensyCrashDAQ Member=Component J3 39-30-1020
Added Member To Class: ClassName=TeensyCrashDAQ Member=Component L2 80 Ohms
Added Member To Class: ClassName=TeensyCrashDAQ Member=Component R10 30k
Added Member To Class: ClassName=TeensyCrashDAQ Member=Component SD1 microSD
Added Member To Class: ClassName=TeensyCrashDAQ Member=Component U4 NCV8403ASTT1G
Added Member To Class: ClassName=TeensyCrashDAQ Member=Component U5 NCV8403ASTT1G
Added Member To Class: ClassName=TeensyCrashDAQ Member=Component U6 MCP1825ST-3302E/DB
Change Room Name: Old Name=Teensy Troller New Name=TeensyCrashDAQ
Change Room Scope: Old Scope=InComponentClass('Teensy Troller') New Scope=InComponentClass('TeensyCrashDAQ')
Added Room: Name=CrashDAQSensors
