Change Component Parameter Description in C19 Old= New=4.7µF ±10% 50V X7R Ceramic Capacitor -55°C ~ 125°C Surface Mount, MLCC 1206 
Change Value of Parameter Manufacturer in Part C19 Old=Murata Electronics North America New=Samsung Electro-Mechanics America, Inc.
Change Value of Parameter PartNumber in Part C19 Old=GRM188R71H104KA93D New=CL31B475KBHNNNE
Change Value of Parameter Supplier Part Number 1 in Part C19 Old=490-1519-1-ND New=1276-2789-1-ND
Change Component Parameter Description in C23 Old= New=4.7µF ±10% 50V X7R Ceramic Capacitor -55°C ~ 125°C Surface Mount, MLCC 1206 
Change Value of Parameter Manufacturer in Part C23 Old=Murata Electronics North America New=Samsung Electro-Mechanics America, Inc.
Change Value of Parameter PartNumber in Part C23 Old=GRM188R71H104KA93D New=CL31B475KBHNNNE
Change Value of Parameter Supplier Part Number 1 in Part C23 Old=490-1519-1-ND New=1276-2789-1-ND
Change Component Parameter Description in C24 Old= New=4.7µF ±10% 50V X7R Ceramic Capacitor -55°C ~ 125°C Surface Mount, MLCC 1206 
Change Value of Parameter Manufacturer in Part C24 Old=Murata Electronics North America New=Samsung Electro-Mechanics America, Inc.
Change Value of Parameter PartNumber in Part C24 Old=GRM188R71H104KA93D New=CL31B475KBHNNNE
Change Value of Parameter Supplier Part Number 1 in Part C24 Old=490-1519-1-ND New=1276-2789-1-ND
Change Component Parameter Description in C27 Old= New=10µF -20%, +80% 16V Y5V (F) Ceramic Capacitor -30°C ~ 85°C Surface Mount, MLCC 120
Change Value of Parameter Manufacturer in Part C27 Old=Murata Electronics North America New=Yageo
Change Value of Parameter PartNumber in Part C27 Old=GRM188R71H104KA93D New=CC1206ZKY5V7BB106
Change Value of Parameter Supplier Part Number 1 in Part C27 Old=490-1519-1-ND New=
Change Component Parameter Description in C28 Old= New=10µF -20%, +80% 16V Y5V (F) Ceramic Capacitor -30°C ~ 85°C Surface Mount, MLCC 120
Change Value of Parameter Manufacturer in Part C28 Old=Murata Electronics North America New=Yageo
Change Value of Parameter PartNumber in Part C28 Old=GRM188R71H104KA93D New=CC1206ZKY5V7BB106
Change Value of Parameter Supplier Part Number 1 in Part C28 Old=490-1519-1-ND New=
Change Component Parameter Description in C29 Old= New=10µF -20%, +80% 16V Y5V (F) Ceramic Capacitor -30°C ~ 85°C Surface Mount, MLCC 120
Change Value of Parameter Manufacturer in Part C29 Old=Murata Electronics North America New=Yageo
Change Value of Parameter PartNumber in Part C29 Old=GRM188R71H104KA93D New=CC1206ZKY5V7BB106
Change Value of Parameter Supplier Part Number 1 in Part C29 Old=490-1519-1-ND New=
Change Component Parameter Description in C30 Old= New=10µF -20%, +80% 16V Y5V (F) Ceramic Capacitor -30°C ~ 85°C Surface Mount, MLCC 120
Change Value of Parameter Manufacturer in Part C30 Old=Murata Electronics North America New=Yageo
Change Value of Parameter PartNumber in Part C30 Old=GRM188R71H104KA93D New=CC1206ZKY5V7BB106
Change Value of Parameter Supplier Part Number 1 in Part C30 Old=490-1519-1-ND New=
Change Component Parameter Description in R21 Old= New=4.7k Ohm ±1% 0.1W, 1/10W Surface Mount Resistor Thick Film ±100ppm/°C 0603
Change Value of Parameter PartNumber in Part R21 Old=ERJ-6ENF4701V New=ERJ-3EKF4701V
Change Value of Parameter Supplier Part Number 1 in Part R21 Old=P4.70KCCT-ND New=P4.70KHCT-ND
Change Component Parameter Description in R22 Old= New=4.7k Ohm ±1% 0.1W, 1/10W Surface Mount Resistor Thick Film ±100ppm/°C 0603
Change Value of Parameter PartNumber in Part R22 Old=ERJ-6ENF4701V New=ERJ-3EKF4701V
Change Value of Parameter Supplier Part Number 1 in Part R22 Old=P4.70KCCT-ND New=P4.70KHCT-ND
Added Parameter Supplier 2=311-1376-1-ND to Part C27
Added Parameter Supplier 2=311-1376-1-ND to Part C28
Added Parameter Supplier 2=311-1376-1-ND to Part C29
Added Parameter Supplier 2=311-1376-1-ND to Part C30
