Removed Pin From Net: NetName=GND Pin=L1-1
Removed Pin From Net: NetName=NetBRD1_32 Pin=L1-2
Removed Member From Class: ClassName=TeensyCrashDAQ Member=BRD4
Change Component Footprint: Designator=D1 Old Footprint=5mm Rad LED New Footprint=0805 Polarized
Change Component Footprint: Designator=C6 Old Footprint=Elec. Cap 5 x 10mm New Footprint=0603
Change Component Footprint: Designator=C1 Old Footprint=RAD-0.2 New Footprint=0603
Change Component Footprint: Designator=C5 Old Footprint=RAD-0.2 New Footprint=0603
Added Component: Designator=C2(0603)
Added Component: Designator=C8(0603)
Added Component: Designator=C9(0603)
Added Component: Designator=C10(0603)
Added Component: Designator=C11(0603)
Added Component: Designator=C12(0603)
Added Component: Designator=C13(0603)
Added Component: Designator=C14(0603)
Added Component: Designator=C15(0603)
Added Component: Designator=C17(0603)
Added Component: Designator=C18(0603)
Added Component: Designator=C19(0603)
Added Component: Designator=C20(0603)
Added Component: Designator=C21(0603)
Added Component: Designator=C22(0603)
Added Component: Designator=C23(0603)
Added Component: Designator=C24(0603)
Added Component: Designator=C27(0603)
Added Component: Designator=C28(0603)
Added Component: Designator=C29(0603)
Added Component: Designator=C30(0603)
Added Component: Designator=L2(0805)
Added Pin To Net: NetName=NetBRD1_32 Pin=C1-1
Added Pin To Net: NetName=NetBRD1_35 Pin=C1-2
Added Pin To Net: NetName=GND Pin=C8-1
Added Pin To Net: NetName=3V3 Pin=C8-2
Added Pin To Net: NetName=GND Pin=C9-1
Added Pin To Net: NetName=3V3 Pin=C9-2
Added Pin To Net: NetName=GND Pin=C10-1
Added Pin To Net: NetName=XOUT Pin=C10-2
Added Pin To Net: NetName=GND Pin=C11-1
Added Pin To Net: NetName=NetBRD1_35 Pin=C11-2
Added Pin To Net: NetName=GND Pin=C12-1
Added Pin To Net: NetName=YOUT Pin=C12-2
Added Pin To Net: NetName=GND Pin=C13-1
Added Pin To Net: NetName=NetBRD1_35 Pin=C13-2
Added Pin To Net: NetName=12V0 Pin=C14-1
Added Pin To Net: NetName=NetC14_2 Pin=C14-2
Added Pin To Net: NetName=Net*1_9 Pin=C15-1
Added Pin To Net: NetName=Net*1_8 Pin=C15-2
Added Pin To Net: NetName=GND Pin=C17-1
Added Pin To Net: NetName=NetC17_2 Pin=C17-2
Added Pin To Net: NetName=GND Pin=C18-1
Added Pin To Net: NetName=RAWIN Pin=C18-2
Added Pin To Net: NetName=Net*1_7 Pin=C19-1
Added Pin To Net: NetName=GND Pin=C19-2
Added Pin To Net: NetName=GND Pin=C20-1
Added Pin To Net: NetName=NetBRD1_29 Pin=C20-2
Added Pin To Net: NetName=GND Pin=C21-1
Added Pin To Net: NetName=NetC21_2 Pin=C21-2
Added Pin To Net: NetName=GND Pin=C22-1
Added Pin To Net: NetName=NetC22_2 Pin=C22-2
Added Pin To Net: NetName=GND Pin=C23-1
Added Pin To Net: NetName=3V3 Pin=C23-2
Added Pin To Net: NetName=GND Pin=C24-1
Added Pin To Net: NetName=3V3 Pin=C24-2
Added Pin To Net: NetName=GND Pin=C27-1
Added Pin To Net: NetName=BAT Pin=C27-2
Added Pin To Net: NetName=GND Pin=C28-1
Added Pin To Net: NetName=BAT Pin=C28-2
Added Pin To Net: NetName=GND Pin=C29-1
Added Pin To Net: NetName=12V0 Pin=C29-2
Added Pin To Net: NetName=GND Pin=C30-1
Added Pin To Net: NetName=12V0 Pin=C30-2
Added Pin To Net: NetName=NetBRD1_35 Pin=L1-1
Added Pin To Net: NetName=3V3 Pin=L1-2
Added Pin To Net: NetName=GND Pin=L1-1
Added Pin To Net: NetName=NetBRD1_32 Pin=L1-2
Added Member To Class: ClassName=TeensyCrashDAQ Member=Component C2 0.1uF
Added Member To Class: ClassName=TeensyCrashDAQ Member=Component C8 1uF
Added Member To Class: ClassName=TeensyCrashDAQ Member=Component C9 8.2pF
Added Member To Class: ClassName=CrashDAQSensors Member=Component C10 1nF
Added Member To Class: ClassName=CrashDAQSensors Member=Component C11 0.1uF
Added Member To Class: ClassName=CrashDAQSensors Member=Component C12 1nF
Added Member To Class: ClassName=CrashDAQSensors Member=Component C13 0.1uF
Added Member To Class: ClassName=CrashDAQSensors Member=Component C14 15nF
Added Member To Class: ClassName=CrashDAQSensors Member=Component C15 0.22uF
Added Member To Class: ClassName=CrashDAQSensors Member=Component C17 1.0uF
Added Member To Class: ClassName=CrashDAQSensors Member=Component C18 0.1uF
Added Member To Class: ClassName=CrashDAQSensors Member=Component C19 4.7uF
Added Member To Class: ClassName=CrashDAQSensors Member=Component C20 .0047uF
Added Member To Class: ClassName=CrashDAQSensors Member=Component C21 0.47uF
Added Member To Class: ClassName=CrashDAQSensors Member=Component C22 0.1uF
Added Member To Class: ClassName=CrashDAQSensors Member=Component C23 4.7uF
Added Member To Class: ClassName=CrashDAQSensors Member=Component C24 4.7uF
Added Member To Class: ClassName=CrashDAQSensors Member=Component C27 10uF
Added Member To Class: ClassName=CrashDAQSensors Member=Component C28 10uF
Added Member To Class: ClassName=CrashDAQSensors Member=Component C29 10uF
Added Member To Class: ClassName=CrashDAQSensors Member=Component C30 10uF
Added Member To Class: ClassName=TeensyCrashDAQ Member=Component D2 CGRA4001-G
Added Member To Class: ClassName=TeensyCrashDAQ Member=Component R9 30k
