Added Component: Designator=BRD1(Teensy)
Added Component: Designator=BRD2(GPS)
Added Component: Designator=BRD3(BNO055 Board)
Added Component: Designator=BRD4(HMC6343)
Added Component: Designator=BRD5(Simblee RFduino Adapter)
Added Component: Designator=BRD6(ESP8266)
Added Component: Designator=BRD7(AXDL377 Breakout)
Added Component: Designator=C1(RAD-0.2)
Added Component: Designator=C2(Elec. Cap 5 x 10mm)
Added Component: Designator=C3(Elec. Cap 5 x 10mm)
Added Component: Designator=C4(RAD-0.2)
Added Component: Designator=C5(RAD-0.2)
Added Component: Designator=C8(RAD-0.2)
Added Component: Designator=D1(5mm Rad LED)
Added Component: Designator=D2(5mm Rad LED)
Added Component: Designator=D3(DIODE-0.4)
Added Component: Designator=D4(DIODE-0.4)
Added Component: Designator=D5(DIODE-0.4)
Added Component: Designator=J1(4 POS Vertical MINI-FIT JR)
Added Component: Designator=J2(4 POS Vertical MINI-FIT JR)
Added Component: Designator=J3(2 pos Mini-Fit Jr. R/A Header)
Added Component: Designator=L1(0805)
Added Component: Designator=P1(HDR1X18)
Added Component: Designator=P2(HDR1X19)
Added Component: Designator=PTC1(PTC)
Added Component: Designator=R1(Axial-0.4)
Added Component: Designator=R2(Axial-0.4)
Added Component: Designator=R3(Axial-0.4)
Added Component: Designator=R4(Axial-0.4)
Added Component: Designator=R5(Axial-0.4)
Added Component: Designator=R6(Axial-0.4)
Added Component: Designator=R7(Axial-0.4)
Added Component: Designator=R8(Axial-0.4)
Added Component: Designator=R9(Axial-0.4)
Added Component: Designator=U1(PDIP300-P8)
Added Component: Designator=U2(78xx)
Added Component: Designator=Z1(DIODE-0.4)
Added Pin To Net: NetName=3V3 Pin=BRD1-16
Added Pin To Net: NetName=3V3 Pin=BRD1-31
Added Pin To Net: NetName=3V3 Pin=BRD4-2
Added Pin To Net: NetName=3V3 Pin=BRD5-5
Added Pin To Net: NetName=3V3 Pin=BRD6-8
Added Pin To Net: NetName=3V3 Pin=P1-16
Added Pin To Net: NetName=3V3 Pin=P2-4
Added Pin To Net: NetName=3V3 Pin=R5-2
Added Pin To Net: NetName=3V3 Pin=R6-2
Added Pin To Net: NetName=3V3 Pin=R7-2
Added Pin To Net: NetName=3V3 Pin=U1-5
Added Net: Name=3V3
Added Pin To Net: NetName=5V0 Pin=BRD1-33
Added Pin To Net: NetName=5V0 Pin=BRD2-8
Added Pin To Net: NetName=5V0 Pin=BRD3-1
Added Pin To Net: NetName=5V0 Pin=BRD7-1
Added Pin To Net: NetName=5V0 Pin=C3-1
Added Pin To Net: NetName=5V0 Pin=C5-2
Added Pin To Net: NetName=5V0 Pin=D2-1
Added Pin To Net: NetName=5V0 Pin=P2-2
Added Pin To Net: NetName=5V0 Pin=U1-3
Added Pin To Net: NetName=5V0 Pin=U2-3
Added Net: Name=5V0
Added Pin To Net: NetName=12V0 Pin=C2-1
Added Pin To Net: NetName=12V0 Pin=C8-2
Added Pin To Net: NetName=12V0 Pin=D1-1
Added Pin To Net: NetName=12V0 Pin=PTC1-2
Added Pin To Net: NetName=12V0 Pin=R1-1
Added Pin To Net: NetName=12V0 Pin=U2-1
Added Pin To Net: NetName=12V0 Pin=Z1-1
Added Net: Name=12V0
Added Pin To Net: NetName=CAN1H Pin=J1-2
Added Pin To Net: NetName=CAN1H Pin=J2-2
Added Pin To Net: NetName=CAN1H Pin=R4-1
Added Pin To Net: NetName=CAN1H Pin=U1-7
Added Net: Name=CAN1H
Added Pin To Net: NetName=CAN1L Pin=J1-3
Added Pin To Net: NetName=CAN1L Pin=J2-3
Added Pin To Net: NetName=CAN1L Pin=R4-2
Added Pin To Net: NetName=CAN1L Pin=U1-6
Added Net: Name=CAN1L
Added Pin To Net: NetName=GND Pin=BRD1-14
Added Pin To Net: NetName=GND Pin=BRD1-17
Added Pin To Net: NetName=GND Pin=BRD2-7
Added Pin To Net: NetName=GND Pin=BRD3-3
Added Pin To Net: NetName=GND Pin=BRD4-1
Added Pin To Net: NetName=GND Pin=BRD5-7
Added Pin To Net: NetName=GND Pin=BRD6-1
Added Pin To Net: NetName=GND Pin=BRD7-3
Added Pin To Net: NetName=GND Pin=C1-1
Added Pin To Net: NetName=GND Pin=C2-2
Added Pin To Net: NetName=GND Pin=C3-2
Added Pin To Net: NetName=GND Pin=C4-1
Added Pin To Net: NetName=GND Pin=C5-1
Added Pin To Net: NetName=GND Pin=C8-1
Added Pin To Net: NetName=GND Pin=J1-4
Added Pin To Net: NetName=GND Pin=J2-4
Added Pin To Net: NetName=GND Pin=J3-2
Added Pin To Net: NetName=GND Pin=L1-1
Added Pin To Net: NetName=GND Pin=P1-1
Added Pin To Net: NetName=GND Pin=P1-17
Added Pin To Net: NetName=GND Pin=R2-1
Added Pin To Net: NetName=GND Pin=R3-1
Added Pin To Net: NetName=GND Pin=R8-1
Added Pin To Net: NetName=GND Pin=R9-1
Added Pin To Net: NetName=GND Pin=U1-2
Added Pin To Net: NetName=GND Pin=U2-2
Added Pin To Net: NetName=GND Pin=Z1-2
Added Net: Name=GND
Added Pin To Net: NetName=NetBRD1_1 Pin=BRD1-1
Added Pin To Net: NetName=NetBRD1_1 Pin=P1-14
Added Net: Name=NetBRD1_1
Added Pin To Net: NetName=NetBRD1_2 Pin=BRD1-2
Added Pin To Net: NetName=NetBRD1_2 Pin=P1-13
Added Net: Name=NetBRD1_2
Added Pin To Net: NetName=NetBRD1_3 Pin=BRD1-3
Added Pin To Net: NetName=NetBRD1_3 Pin=BRD5-2
Added Pin To Net: NetName=NetBRD1_3 Pin=P1-12
Added Net: Name=NetBRD1_3
Added Pin To Net: NetName=NetBRD1_4 Pin=BRD1-4
Added Pin To Net: NetName=NetBRD1_4 Pin=BRD5-1
Added Pin To Net: NetName=NetBRD1_4 Pin=P1-11
Added Net: Name=NetBRD1_4
Added Pin To Net: NetName=NetBRD1_5 Pin=BRD1-5
Added Pin To Net: NetName=NetBRD1_5 Pin=BRD6-7
Added Pin To Net: NetName=NetBRD1_5 Pin=P1-10
Added Net: Name=NetBRD1_5
Added Pin To Net: NetName=NetBRD1_6 Pin=BRD1-6
Added Pin To Net: NetName=NetBRD1_6 Pin=BRD6-2
Added Pin To Net: NetName=NetBRD1_6 Pin=P1-9
Added Net: Name=NetBRD1_6
Added Pin To Net: NetName=NetBRD1_7 Pin=BRD1-7
Added Pin To Net: NetName=NetBRD1_7 Pin=BRD3-9
Added Pin To Net: NetName=NetBRD1_7 Pin=P1-8
Added Net: Name=NetBRD1_7
Added Pin To Net: NetName=NetBRD1_8 Pin=BRD1-8
Added Pin To Net: NetName=NetBRD1_8 Pin=BRD2-4
Added Pin To Net: NetName=NetBRD1_8 Pin=P1-7
Added Net: Name=NetBRD1_8
Added Pin To Net: NetName=NetBRD1_9 Pin=BRD1-9
Added Pin To Net: NetName=NetBRD1_9 Pin=P1-6
Added Pin To Net: NetName=NetBRD1_9 Pin=U1-4
Added Net: Name=NetBRD1_9
Added Pin To Net: NetName=NetBRD1_10 Pin=BRD1-10
Added Pin To Net: NetName=NetBRD1_10 Pin=P1-5
Added Pin To Net: NetName=NetBRD1_10 Pin=U1-1
Added Net: Name=NetBRD1_10
Added Pin To Net: NetName=NetBRD1_11 Pin=BRD1-11
Added Pin To Net: NetName=NetBRD1_11 Pin=BRD2-9
Added Pin To Net: NetName=NetBRD1_11 Pin=P1-4
Added Net: Name=NetBRD1_11
Added Pin To Net: NetName=NetBRD1_12 Pin=BRD1-12
Added Pin To Net: NetName=NetBRD1_12 Pin=BRD2-6
Added Pin To Net: NetName=NetBRD1_12 Pin=P1-3
Added Net: Name=NetBRD1_12
Added Pin To Net: NetName=NetBRD1_13 Pin=BRD1-13
Added Pin To Net: NetName=NetBRD1_13 Pin=BRD2-5
Added Pin To Net: NetName=NetBRD1_13 Pin=P1-2
Added Net: Name=NetBRD1_13
Added Pin To Net: NetName=NetBRD1_15 Pin=BRD1-15
Added Pin To Net: NetName=NetBRD1_15 Pin=P1-15
Added Net: Name=NetBRD1_15
Added Pin To Net: NetName=NetBRD1_18 Pin=BRD1-18
Added Pin To Net: NetName=NetBRD1_18 Pin=P1-18
Added Net: Name=NetBRD1_18
Added Pin To Net: NetName=NetBRD1_19 Pin=BRD1-19
Added Pin To Net: NetName=NetBRD1_19 Pin=P2-19
Added Net: Name=NetBRD1_19
Added Pin To Net: NetName=NetBRD1_20 Pin=BRD1-20
Added Pin To Net: NetName=NetBRD1_20 Pin=BRD1-22
Added Pin To Net: NetName=NetBRD1_20 Pin=P2-13
Added Pin To Net: NetName=NetBRD1_20 Pin=P2-15
Added Net: Name=NetBRD1_20
Added Pin To Net: NetName=NetBRD1_21 Pin=BRD1-21
Added Pin To Net: NetName=NetBRD1_21 Pin=P2-14
Added Pin To Net: NetName=NetBRD1_21 Pin=R1-2
Added Pin To Net: NetName=NetBRD1_21 Pin=R3-2
Added Net: Name=NetBRD1_21
Added Pin To Net: NetName=NetBRD1_23 Pin=BRD1-23
Added Pin To Net: NetName=NetBRD1_23 Pin=P2-12
Added Net: Name=NetBRD1_23
Added Pin To Net: NetName=NetBRD1_24 Pin=BRD1-24
Added Pin To Net: NetName=NetBRD1_24 Pin=BRD7-5
Added Pin To Net: NetName=NetBRD1_24 Pin=P2-11
Added Net: Name=NetBRD1_24
Added Pin To Net: NetName=NetBRD1_25 Pin=BRD1-25
Added Pin To Net: NetName=NetBRD1_25 Pin=BRD3-4
Added Pin To Net: NetName=NetBRD1_25 Pin=BRD4-3
Added Pin To Net: NetName=NetBRD1_25 Pin=P2-10
Added Pin To Net: NetName=NetBRD1_25 Pin=R6-1
Added Net: Name=NetBRD1_25
Added Pin To Net: NetName=NetBRD1_26 Pin=BRD1-26
Added Pin To Net: NetName=NetBRD1_26 Pin=BRD3-5
Added Pin To Net: NetName=NetBRD1_26 Pin=BRD4-4
Added Pin To Net: NetName=NetBRD1_26 Pin=P2-9
Added Pin To Net: NetName=NetBRD1_26 Pin=R5-1
Added Net: Name=NetBRD1_26
Added Pin To Net: NetName=NetBRD1_27 Pin=BRD1-27
Added Pin To Net: NetName=NetBRD1_27 Pin=P2-8
Added Net: Name=NetBRD1_27
Added Pin To Net: NetName=NetBRD1_28 Pin=BRD1-28
Added Pin To Net: NetName=NetBRD1_28 Pin=P2-7
Added Net: Name=NetBRD1_28
Added Pin To Net: NetName=NetBRD1_29 Pin=BRD1-29
Added Pin To Net: NetName=NetBRD1_29 Pin=P2-6
Added Pin To Net: NetName=NetBRD1_29 Pin=R2-2
Added Pin To Net: NetName=NetBRD1_29 Pin=U1-8
Added Net: Name=NetBRD1_29
Added Pin To Net: NetName=NetBRD1_30 Pin=BRD1-30
Added Pin To Net: NetName=NetBRD1_30 Pin=P2-5
Added Net: Name=NetBRD1_30
Added Pin To Net: NetName=NetBRD1_32 Pin=BRD1-32
Added Pin To Net: NetName=NetBRD1_32 Pin=L1-2
Added Pin To Net: NetName=NetBRD1_32 Pin=P2-3
Added Net: Name=NetBRD1_32
Added Pin To Net: NetName=NetBRD1_34 Pin=BRD1-34
Added Pin To Net: NetName=NetBRD1_34 Pin=P2-1
Added Net: Name=NetBRD1_34
Added Pin To Net: NetName=NetBRD1_35 Pin=BRD1-35
Added Pin To Net: NetName=NetBRD1_35 Pin=BRD7-2
Added Pin To Net: NetName=NetBRD1_35 Pin=C1-2
Added Pin To Net: NetName=NetBRD1_35 Pin=C4-2
Added Pin To Net: NetName=NetBRD1_35 Pin=P2-16
Added Net: Name=NetBRD1_35
Added Pin To Net: NetName=NetBRD1_36 Pin=BRD1-36
Added Pin To Net: NetName=NetBRD1_36 Pin=BRD7-7
Added Pin To Net: NetName=NetBRD1_36 Pin=P2-17
Added Net: Name=NetBRD1_36
Added Pin To Net: NetName=NetBRD1_37 Pin=BRD1-37
Added Pin To Net: NetName=NetBRD1_37 Pin=BRD7-6
Added Pin To Net: NetName=NetBRD1_37 Pin=P2-18
Added Net: Name=NetBRD1_37
Added Pin To Net: NetName=NetBRD3_6 Pin=BRD3-6
Added Pin To Net: NetName=NetBRD3_6 Pin=BRD5-4
Added Pin To Net: NetName=NetBRD3_6 Pin=BRD6-6
Added Pin To Net: NetName=NetBRD3_6 Pin=R7-1
Added Net: Name=NetBRD3_6
Added Pin To Net: NetName=NetBRD5_8 Pin=BRD5-8
Added Net: Name=NetBRD5_8
Added Pin To Net: NetName=NetBRD5_9 Pin=BRD5-9
Added Net: Name=NetBRD5_9
Added Pin To Net: NetName=NetBRD5_10 Pin=BRD5-10
Added Net: Name=NetBRD5_10
Added Pin To Net: NetName=NetBRD5_11 Pin=BRD5-11
Added Net: Name=NetBRD5_11
Added Pin To Net: NetName=NetBRD7_4 Pin=BRD7-4
Added Net: Name=NetBRD7_4
Added Pin To Net: NetName=NetD1_2 Pin=D1-2
Added Pin To Net: NetName=NetD1_2 Pin=R8-2
Added Net: Name=NetD1_2
Added Pin To Net: NetName=NetD2_2 Pin=D2-2
Added Pin To Net: NetName=NetD2_2 Pin=R9-2
Added Net: Name=NetD2_2
Added Pin To Net: NetName=NetD3_2 Pin=D3-2
Added Pin To Net: NetName=NetD3_2 Pin=D4-2
Added Pin To Net: NetName=NetD3_2 Pin=D5-2
Added Pin To Net: NetName=NetD3_2 Pin=PTC1-1
Added Net: Name=NetD3_2
Added Pin To Net: NetName=RAW0 Pin=D3-1
Added Pin To Net: NetName=RAW0 Pin=J1-1
Added Net: Name=RAW0
Added Pin To Net: NetName=RAW1 Pin=D4-1
Added Pin To Net: NetName=RAW1 Pin=J2-1
Added Net: Name=RAW1
Added Pin To Net: NetName=RAW2 Pin=D5-1
Added Pin To Net: NetName=RAW2 Pin=J3-1
Added Net: Name=RAW2
Added Class: Name=TeensyCrashDAQ
Added Room: Name=TeensyCrashDAQ
