Removed Parameter Supplier 2:311-1376-1-ND from Part C27
Removed Parameter Supplier 2:311-1376-1-ND from Part C28
Removed Parameter Supplier 2:311-1376-1-ND from Part C29
Removed Parameter Supplier 2:311-1376-1-ND from Part C30
Change Component Parameter Description in C14 Old= New=CAP CER 0.015UF 50V X7R 0603
Change Value of Parameter Manufacturer in Part C14 Old=Murata Electronics North America New=Samsung Electro-Mechanics America, Inc.
Change Value of Parameter PartNumber in Part C14 Old=GRM188R71H104KA93D New=CL10B153KB8SFNC
Change Value of Parameter Supplier Part Number 1 in Part C14 Old=490-1519-1-ND New=1276-1967-1-ND
Change Value of Parameter Supplier Part Number 1 in Part C27 Old= New=311-1376-1-ND
Change Value of Parameter Supplier Part Number 1 in Part C28 Old= New=311-1376-1-ND
Change Value of Parameter Supplier Part Number 1 in Part C29 Old= New=311-1376-1-ND
Change Value of Parameter Supplier Part Number 1 in Part C30 Old= New=311-1376-1-ND
Change Component Parameter Description in NTC1 Old= New=THERMISTOR 10K OHM NTC 0603 SMD
Change Value of Parameter Manufacturer in Part NTC1 Old= New=Murata Electronics North America
Change Value of Parameter PartNumber in Part NTC1 Old= New=NCP18XH103F03RB
Change Value of Parameter Supplier Part Number 1 in Part NTC1 Old=507-1768-1-ND New=490-4800-1-ND
Change Component Parameter Description in R11 Old= New=10k Ohm ±1% 0.1W, 1/10W Surface Mount Resistor Thick Film ±100ppm/°C 0603
Change Value of Parameter PartNumber in Part R11 Old=ERJ-6ENF4701V New=ERJ-3EKF1002V
Change Value of Parameter Supplier Part Number 1 in Part R11 Old=P4.70KCCT-ND New=P10.0KHCT-ND
Change Component Parameter Comment in R12 Old= New=4.7k
Change Component Parameter Description in R12 Old= New=4.7k Ohm ±1% 0.1W, 1/10W Surface Mount Resistor Thick Film ±100ppm/°C 0603
Change Value of Parameter PartNumber in Part R12 Old=ERJ-6ENF4701V New=ERJ-3EKF4701V
Change Value of Parameter Supplier Part Number 1 in Part R12 Old=P4.70KCCT-ND New=P4.70KHCT-ND
Change Component Parameter Description in R13 Old= New=10k Ohm ±1% 0.1W, 1/10W Surface Mount Resistor Thick Film ±100ppm/°C 0603
Change Value of Parameter PartNumber in Part R13 Old=ERJ-6ENF4701V New=ERJ-3EKF1002V
Change Value of Parameter Supplier Part Number 1 in Part R13 Old=P4.70KCCT-ND New=P10.0KHCT-ND
Change Component Parameter Description in R14 Old= New=10k Ohm ±1% 0.1W, 1/10W Surface Mount Resistor Thick Film ±100ppm/°C 0603
Change Value of Parameter PartNumber in Part R14 Old=ERJ-6ENF4701V New=ERJ-3EKF1002V
Change Value of Parameter Supplier Part Number 1 in Part R14 Old=P4.70KCCT-ND New=P10.0KHCT-ND
Change Component Parameter Description in R15 Old= New=10k Ohm ±1% 0.1W, 1/10W Surface Mount Resistor Thick Film ±100ppm/°C 0603
Change Value of Parameter PartNumber in Part R15 Old=ERJ-6ENF4701V New=ERJ-3EKF1002V
Change Value of Parameter Supplier Part Number 1 in Part R15 Old=P4.70KCCT-ND New=P10.0KHCT-ND
Change Component Parameter Footprint in R16 Old=0603 New=2818
Change Component Parameter Description in R17 Old= New=10k Ohm ±1% 0.1W, 1/10W Surface Mount Resistor Thick Film ±100ppm/°C 0603
Change Value of Parameter PartNumber in Part R17 Old=ERJ-6ENF4701V New=ERJ-3EKF1002V
Change Value of Parameter Supplier Part Number 1 in Part R17 Old=P4.70KCCT-ND New=P10.0KHCT-ND
Change Component Parameter Description in R18 Old= New=10k Ohm ±1% 0.1W, 1/10W Surface Mount Resistor Thick Film ±100ppm/°C 0603
Change Value of Parameter PartNumber in Part R18 Old=ERJ-6ENF4701V New=ERJ-3EKF1002V
Change Value of Parameter Supplier Part Number 1 in Part R18 Old=P4.70KCCT-ND New=P10.0KHCT-ND
Change Component Parameter Comment in R19 Old= New=32.4k
Change Component Parameter Description in R19 Old= New=32.4k Ohm ±1% 0.1W, 1/10W Surface Mount Resistor Thick Film ±100ppm/°C 0603
Change Value of Parameter PartNumber in Part R19 Old=ERJ-6ENF4701V New=ERJ-3EKF3242V
Change Value of Parameter Supplier Part Number 1 in Part R19 Old=P4.70KCCT-ND New=P32.4KHCT-ND
Change Component Parameter Description in R23 Old= New=6.04k Ohm ±1% 0.1W, 1/10W Surface Mount Resistor Thick Film ±100ppm/°C 0603
Change Value of Parameter Manufacturer in Part R23 Old=Panasonic Electronic Components New=Stackpole Electronics Inc.
Change Value of Parameter PartNumber in Part R23 Old=ERJ-6ENF4701V New=RMCF0603FT6K04
Change Value of Parameter Supplier Part Number 1 in Part R23 Old=P4.70KCCT-ND New=RMCF0603FT6K04CT-ND
Change Component Parameter Description in R24 Old= New=32.4k Ohm ±1% 0.1W, 1/10W Surface Mount Resistor Thick Film ±100ppm/°C 0603
Change Value of Parameter PartNumber in Part R24 Old=ERJ-6ENF4701V New=ERJ-3EKF3242V
Change Value of Parameter Supplier Part Number 1 in Part R24 Old=P4.70KCCT-ND New=P32.4KHCT-ND
